<?xml version="1.0" encoding="UTF-8"?>
<testsuite xmlns:xsi="http://www.w3.org/2001/XMLSchema-instance" xsi:noNamespaceSchemaLocation="https://maven.apache.org/surefire/maven-surefire-plugin/xsd/surefire-test-report-3.0.xsd" version="3.0" name="BankAccountTest" time="0.248" tests="6" errors="0" skipped="0" failures="0">
  <properties>
[...]
</properties>
  <testcase name="testTransferSuccess" classname="BankAccountTest" time="0.127">
    <system-out><![CDATA[CALL BankAccount.BankAccount
CALL BankAccount.BankAccount
CALL BankAccount.transfer
CALL BankAccount.withdraw
CALL BankAccount.deposit
CALL BankAccount.add
CALL BankAccount.getBalance
Current balance: 100.0
]]></system-out>
  </testcase>
  <testcase name="testTransferInsufficientFunds" classname="BankAccountTest" time="0.004">
    <system-out><![CDATA[CALL BankAccount.BankAccount
CALL BankAccount.BankAccount
CALL BankAccount.transfer
]]></system-out>
  </testcase>
  <testcase name="testSumPositiveBalances" classname="BankAccountTest" time="0.006">
    <system-out><![CDATA[CALL BankAccount.BankAccount
CALL BankAccount.BankAccount
CALL BankAccount.BankAccount
CALL BankAccount.BankAccount
CALL BankAccount.sumPositiveBalances
CALL BankAccount.getBalance
Current balance: 100.0
CALL BankAccount.getBalance
Current balance: 100.0
CALL BankAccount.getBalance
Current balance: -50.0
CALL BankAccount.getBalance
Current balance: 200.0
CALL BankAccount.getBalance
Current balance: 200.0
CALL BankAccount.getBalance
Current balance: 0.0
]]></system-out>
  </testcase>
  <testcase name="testGetAccountSummary" classname="BankAccountTest" time="0.024">
    <system-out><![CDATA[CALL BankAccount.BankAccount
CALL BankAccount.getAccountSummary
CALL BankAccount.deposit
CALL BankAccount.add
CALL BankAccount.getAccountSummary
CALL BankAccount.withdraw
CALL BankAccount.getAccountSummary
]]></system-out>
  </testcase>
  <testcase name="testDeposit" classname="BankAccountTest" time="0.004">
    <system-out><![CDATA[CALL BankAccount.BankAccount
CALL BankAccount.deposit
CALL BankAccount.add
CALL BankAccount.getBalance
Current balance: 150.0
]]></system-out>
  </testcase>
  <testcase name="testCalculateInterestDivideByZero" classname="BankAccountTest" time="0.008">
    <system-out><![CDATA[CALL BankAccount.BankAccount
CALL BankAccount.calculateInterest
]]></system-out>
  </testcase>
</testsuite>