<?xml version="1.0" encoding="UTF-8"?>
<testsuite xmlns:xsi="http://www.w3.org/2001/XMLSchema-instance" xsi:noNamespaceSchemaLocation="https://maven.apache.org/surefire/maven-surefire-plugin/xsd/surefire-test-report-3.0.xsd" version="3.0" name="BankAccountTest" time="0.155" tests="6" errors="0" skipped="0" failures="0">
  <properties>
[...]
</properties>
  <testcase name="testTransferSuccess" classname="BankAccountTest" time="0.077">
    <system-out><![CDATA[CALL testTransferSuccess
CALL testTransferSuccess
CALL BankAccount
CALL BankAccount
CALL BankAccount
CALL BankAccount
CALL transfer
CALL transfer
CALL withdraw
CALL withdraw
CALL deposit
CALL deposit
CALL add
CALL add
CALL getBalance
CALL getBalance
]]></system-out>
  </testcase>
  <testcase name="testTransferInsufficientFunds" classname="BankAccountTest" time="0.004">
    <system-out><![CDATA[CALL testTransferInsufficientFunds
CALL testTransferInsufficientFunds
CALL BankAccount
CALL BankAccount
CALL BankAccount
CALL BankAccount
CALL transfer
CALL transfer
]]></system-out>
  </testcase>
  <testcase name="testSumPositiveBalances" classname="BankAccountTest" time="0.008">
    <system-out><![CDATA[CALL testSumPositiveBalances
CALL testSumPositiveBalances
CALL BankAccount
CALL BankAccount
CALL BankAccount
CALL BankAccount
CALL BankAccount
CALL BankAccount
CALL BankAccount
CALL BankAccount
CALL sumPositiveBalances
CALL sumPositiveBalances
CALL getBalance
CALL getBalance
CALL getBalance
CALL getBalance
CALL getBalance
CALL getBalance
CALL getBalance
CALL getBalance
CALL getBalance
CALL getBalance
CALL getBalance
CALL getBalance
]]></system-out>
  </testcase>
  <testcase name="testGetAccountSummary" classname="BankAccountTest" time="0.014">
    <system-out><![CDATA[CALL testGetAccountSummary
CALL testGetAccountSummary
CALL BankAccount
CALL BankAccount
CALL getAccountSummary
CALL getAccountSummary
CALL deposit
CALL deposit
CALL add
CALL add
CALL getAccountSummary
CALL getAccountSummary
CALL withdraw
CALL withdraw
CALL getAccountSummary
CALL getAccountSummary
]]></system-out>
  </testcase>
  <testcase name="testDeposit" classname="BankAccountTest" time="0.003">
    <system-out><![CDATA[CALL testDeposit
CALL testDeposit
CALL BankAccount
CALL BankAccount
CALL deposit
CALL deposit
CALL add
CALL add
CALL getBalance
CALL getBalance
]]></system-out>
  </testcase>
  <testcase name="testCalculateInterestDivideByZero" classname="BankAccountTest" time="0.005">
    <system-out><![CDATA[CALL testCalculateInterestDivideByZero
CALL testCalculateInterestDivideByZero
CALL BankAccount
CALL BankAccount
CALL calculateInterest
CALL calculateInterest
]]></system-out>
  </testcase>
</testsuite>